INFO: loading Parakeet TDT v3 model...
INFO: model progress: downloading 0/0 files
INFO: model progress: compiling Preprocessor.mlmodelc
INFO: model progress: compiling 
INFO: model progress: downloading 0/0 files
INFO: model progress: compiling Encoder.mlmodelc
INFO: model progress: compiling 
INFO: model progress: downloading 0/0 files
INFO: model progress: compiling Decoder.mlmodelc
INFO: model progress: compiling 
INFO: model progress: downloading 0/0 files
INFO: model progress: compiling JointDecisionv3.mlmodelc
INFO: model progress: compiling 
INFO: model loaded in 138ms — RSS 36.2MB (before-load: 7.5MB)
INFO: processing alternating_pods.caf...
[+18495ms] "One two three one two three one two three one two three one " confirmed=true conf=0.99
[+36704ms] "three one" confirmed=true conf=1.00
[+48617ms] "" confirmed=false conf=0.10
INFO: done — 3 updates, peak RSS 56.0MB
INFO: wrote /Users/antonglance/coding/TalkCoach/Spike/Spike17.1_ParakeetFeasibility/results/alternating_pods.csv
