INFO: loading Parakeet TDT v3 model...
INFO: model progress: downloading 0/0 files
INFO: model progress: compiling Preprocessor.mlmodelc
INFO: model progress: compiling 
INFO: model progress: downloading 0/0 files
INFO: model progress: compiling Encoder.mlmodelc
INFO: model progress: compiling 
INFO: model progress: downloading 0/0 files
INFO: model progress: compiling Decoder.mlmodelc
INFO: model progress: compiling 
INFO: model progress: downloading 0/0 files
INFO: model progress: compiling JointDecisionv3.mlmodelc
INFO: model progress: compiling 
INFO: model loaded in 123ms — RSS 36.1MB (before-load: 7.5MB)
INFO: processing alternating_mac.caf...
[+18407ms] "One two three one two three one two three one two three one " confirmed=true conf=0.98
[+36549ms] "two three one two three one" confirmed=true conf=0.94
[+48524ms] "two three" confirmed=true conf=1.00
INFO: done — 3 updates, peak RSS 78.7MB
INFO: wrote /Users/antonglance/coding/TalkCoach/Spike/Spike17.1_ParakeetFeasibility/results/alternating_mac.csv
