INFO: loading Parakeet TDT v3 model...
INFO: model progress: downloading 0/0 files
INFO: model progress: compiling Preprocessor.mlmodelc
INFO: model progress: compiling 
INFO: model progress: downloading 0/0 files
INFO: model progress: compiling Encoder.mlmodelc
INFO: model progress: compiling 
INFO: model progress: downloading 0/0 files
INFO: model progress: compiling Decoder.mlmodelc
INFO: model progress: compiling 
INFO: model progress: downloading 0/0 files
INFO: model progress: compiling JointDecisionv3.mlmodelc
INFO: model progress: compiling 
INFO: model loaded in 125ms — RSS 36.1MB (before-load: 7.5MB)
INFO: processing distractors_pods.caf...
[+18424ms] "Press records, stand still, don't talk and just uh like don'" confirmed=true conf=0.95
[+36659ms] "also like making the notification sound and uh" confirmed=true conf=0.93
[+49243ms] "." confirmed=false conf=0.25
INFO: done — 3 updates, peak RSS 79.2MB
INFO: wrote /Users/antonglance/coding/TalkCoach/Spike/Spike17.1_ParakeetFeasibility/results/distractors_pods.csv
