INFO: loading Parakeet TDT v3 model...
INFO: model progress: downloading 0/0 files
INFO: model progress: compiling Preprocessor.mlmodelc
INFO: model progress: compiling 
INFO: model progress: downloading 0/0 files
INFO: model progress: compiling Encoder.mlmodelc
INFO: model progress: compiling 
INFO: model progress: downloading 0/0 files
INFO: model progress: compiling Decoder.mlmodelc
INFO: model progress: compiling 
INFO: model progress: downloading 0/0 files
INFO: model progress: compiling JointDecisionv3.mlmodelc
INFO: model progress: compiling 
INFO: model loaded in 114ms — RSS 36.0MB (before-load: 7.5MB)
INFO: processing quiet_speech_mac.caf...
[+21269ms] "For each you record naturally in quick time, then stopwatch," confirmed=true conf=0.94
[+41797ms] "Example Manifesto. Continuous speaking at conversational but" confirmed=true conf=0.94
[+44584ms] "" confirmed=false conf=0.10
INFO: done — 3 updates, peak RSS 64.8MB
INFO: wrote /Users/antonglance/coding/TalkCoach/Spike/Spike17.1_ParakeetFeasibility/results/quiet_speech_mac.csv
